07-26-2016 @ 19:21:32 - Queuing 2.6.0 - wc_update_260_options
07-26-2016 @ 19:21:32 - Queuing 2.6.0 - wc_update_260_termmeta
07-26-2016 @ 19:21:32 - Queuing 2.6.0 - wc_update_260_zones
07-26-2016 @ 19:21:32 - Queuing 2.6.0 - wc_update_260_zone_methods
07-26-2016 @ 19:21:32 - Queuing 2.6.0 - wc_update_260_refunds
07-26-2016 @ 19:21:32 - Queuing 2.6.0 - wc_update_260_db_version
07-26-2016 @ 19:21:33 - Unable to dispatch WooCommerce updater: Operation timed out after 1002 milliseconds with 0 bytes received
07-26-2016 @ 19:21:34 - Running wc_update_260_options callback
07-26-2016 @ 19:21:34 - Finished wc_update_260_options callback
07-26-2016 @ 19:21:34 - Running wc_update_260_termmeta callback
07-26-2016 @ 19:21:34 - Finished wc_update_260_termmeta callback
07-26-2016 @ 19:21:34 - Running wc_update_260_zones callback
07-26-2016 @ 19:21:34 - Finished wc_update_260_zones callback
07-26-2016 @ 19:21:34 - Running wc_update_260_zone_methods callback
07-26-2016 @ 19:21:34 - Finished wc_update_260_zone_methods callback
07-26-2016 @ 19:21:34 - Running wc_update_260_refunds callback
07-26-2016 @ 19:21:34 - Finished wc_update_260_refunds callback
07-26-2016 @ 19:21:34 - Running wc_update_260_db_version callback
07-26-2016 @ 19:21:34 - Finished wc_update_260_db_version callback
07-26-2016 @ 19:21:34 - Data update complete
